I, [2015-09-20T12:06:30.844444 #30306]  INFO -- : Starting clock for 1 events: [ CaptureStream.job ]
I, [2015-09-21T10:30:00.021094 #30306]  INFO -- : Triggering 'CaptureStream.job'
語学講座ダウンローダ (2014/04/07)
basic3: OGOGX
ffmpegの実行でエラーが起こりました。パスの通った実行可能な場所にHTTP Live Streaming(HLS)に対応したffmpegがあることを確認してください。
I, [2015-09-22T10:30:00.177146 #30306]  INFO -- : Triggering 'CaptureStream.job'
語学講座ダウンローダ (2014/04/07)
basic3: ----OG
timetrial: OGOGOGOGOG
kaiwa: OGOGOGOGOG
business1: OGOG
business2: OGOGOG
kouryaku: OGOG
yomu: OG
enjoy: OGOGOGOGOG
I, [2015-09-23T10:30:00.019649 #30306]  INFO -- : Triggering 'CaptureStream.job'
語学講座ダウンローダ (2014/04/07)
basic3: -----
timetrial: -----
kaiwa: -----
business1: --
business2: ---
kouryaku: --
yomu: -
enjoy: -----
I, [2015-09-24T10:30:00.015224 #30306]  INFO -- : Triggering 'CaptureStream.job'
語学講座ダウンローダ (2014/04/07)
basic3: -----
timetrial: -----
kaiwa: -----
business1: --
business2: ---
kouryaku: --
yomu: -
enjoy: -----
I, [2015-09-26T18:54:46.356345 #1279]  INFO -- : Starting clock for 1 events: [ CaptureStream.job ]
I, [2015-09-27T10:30:00.001238 #1279]  INFO -- : Triggering 'CaptureStream.job'
語学講座ダウンローダ (2014/04/07)
basic3: -----
timetrial: -----
kaiwa: -----
business1: --
business2: ---
kouryaku: --
yomu: -
enjoy: -----
I, [2015-09-28T10:30:00.015120 #1279]  INFO -- : Triggering 'CaptureStream.job'
語学講座ダウンローダ (2014/04/07)
basic3: OGOGOGOGOG
timetrial: OGOGOGOGOG
kaiwa: OGOGOGOGOG
business1: OGOG
business2: OGOGOG
kouryaku: OGOG
yomu: OG
enjoy: OGOGOGOGOG
I, [2015-10-05T11:52:02.459662 #1256]  INFO -- : Starting clock for 1 events: [ CaptureStream.job ]
I, [2015-10-06T10:30:00.006000 #1256]  INFO -- : Triggering 'CaptureStream.job'
語学講座ダウンローダ (2014/04/07)
basic3: OGOGOGOGOG
timetrial: OGOGOGOGOG
kaiwa: OGOGOGOGOG
business1: OGOG
business2: OGOGOG
kouryaku: OGOG
yomu: OG
enjoy: OGOGOGOGOG
I, [2015-10-07T16:11:55.882988 #6254]  INFO -- : Starting clock for 1 events: [ CaptureStream.job ]
I, [2015-10-08T10:30:00.018177 #6254]  INFO -- : Triggering 'CaptureStream.job'
語学講座ダウンローダ (2014/04/07)
basic3: -----
timetrial: -----
kaiwa: -----
business1: --
business2: ---
kouryaku: --
yomu: -
enjoy: -----
I, [2015-10-09T10:30:00.015180 #6254]  INFO -- : Triggering 'CaptureStream.job'
語学講座ダウンローダ (2014/04/07)
basic3: -----
timetrial: -----
kaiwa: -----
business1: --
business2: ---
kouryaku: --
yomu: -
enjoy: -----
I, [2015-11-26T00:19:25.969864 #1369]  INFO -- : Starting clock for 1 events: [ CaptureStream.job ]
I, [2015-11-26T00:20:17.817069 #1397]  INFO -- : Starting clock for 1 events: [ CaptureStream.job ]
I, [2015-11-26T10:30:00.004841 #1397]  INFO -- : Triggering 'CaptureStream.job'
I, [2015-11-27T10:30:00.003584 #1397]  INFO -- : Triggering 'CaptureStream.job'
I, [2016-06-19T20:50:37.916195 #996]  INFO -- : Starting clock for 1 events: [ CaptureStream.job ]
I, [2016-06-19T20:54:19.673924 #1304]  INFO -- : Starting clock for 1 events: [ CaptureStream.job ]
I, [2016-07-20T09:59:29.862842 #1337]  INFO -- : Starting clock for 1 events: [ CaptureStream.job ]
I, [2016-07-20T10:30:00.001377 #1337]  INFO -- : Triggering 'CaptureStream.job'
語学講座ダウンローダ (2014/04/07)
timetrial: -----
kaiwa: -----
business1: --
business2: ---
kouryaku: --
yomu: -
enjoy: -----
